  [1m[35m (0.1ms)[0m  [1m[34mSELECT sqlite_version(*)[0m
  ↳ /home/saharak/.rbenv/versions/2.5.0/bin/rake:23
  [1m[35m (132.1ms)[0m  [1m[35mCREATE TABLE "schema_migrations" ("version" varchar NOT NULL PRIMARY KEY)[0m
  ↳ /home/saharak/.rbenv/versions/2.5.0/bin/rake:23
  [1m[35m (121.0ms)[0m  [1m[35mCREATE TABLE "ar_internal_metadata" ("key" varchar NOT NULL PRIMARY KEY, "value" varchar, "created_at" datetime NOT NULL, "updated_at" datetime NOT NULL)[0m
  ↳ /home/saharak/.rbenv/versions/2.5.0/bin/rake:23
  [1m[35m (0.2ms)[0m  [1m[34mSELECT "schema_migrations"."version" FROM "schema_migrations" ORDER BY "schema_migrations"."version" ASC[0m
  ↳ /home/saharak/.rbenv/versions/2.5.0/bin/rake:23
Migrating to DeviseCreateUsers (20180423025832)
  [1m[35m (0.1ms)[0m  [1m[36mbegin transaction[0m
  ↳ /home/saharak/.rbenv/versions/2.5.0/bin/rake:23
  [1m[35m (0.5ms)[0m  [1m[35mCREATE TABLE "users" ("id" integer PRIMARY KEY AUTOINCREMENT NOT NULL, "email" varchar DEFAULT '' NOT NULL, "encrypted_password" varchar DEFAULT '' NOT NULL, "reset_password_token" varchar, "reset_password_sent_at" datetime, "remember_created_at" datetime, "sign_in_count" integer DEFAULT 0 NOT NULL, "current_sign_in_at" datetime, "last_sign_in_at" datetime, "current_sign_in_ip" varchar, "last_sign_in_ip" varchar, "created_at" datetime NOT NULL, "updated_at" datetime NOT NULL)[0m
  ↳ db/migrate/20180423025832_devise_create_users.rb:5
  [1m[35m (0.2ms)[0m  [1m[35mCREATE UNIQUE INDEX "index_users_on_email" ON "users" ("email")[0m
  ↳ db/migrate/20180423025832_devise_create_users.rb:39
  [1m[35m (0.3ms)[0m  [1m[35mCREATE UNIQUE INDEX "index_users_on_reset_password_token" ON "users" ("reset_password_token")[0m
  ↳ db/migrate/20180423025832_devise_create_users.rb:40
  [1m[36mActiveRecord::SchemaMigration Create (0.2ms)[0m  [1m[32mINSERT INTO "schema_migrations" ("version") VALUES (?)[0m  [["version", "20180423025832"]]
  ↳ /home/saharak/.rbenv/versions/2.5.0/bin/rake:23
  [1m[35m (111.8ms)[0m  [1m[36mcommit transaction[0m
  ↳ /home/saharak/.rbenv/versions/2.5.0/bin/rake:23
  [1m[36mActiveRecord::InternalMetadata Load (0.2ms)[0m  [1m[34mSELECT  "ar_internal_metadata".* FROM "ar_internal_metadata" WHERE "ar_internal_metadata"."key" = ? LIMIT ?[0m  [["key", "environment"], ["LIMIT", 1]]
  ↳ /home/saharak/.rbenv/versions/2.5.0/bin/rake:23
  [1m[35m (0.1ms)[0m  [1m[36mbegin transaction[0m
  ↳ /home/saharak/.rbenv/versions/2.5.0/bin/rake:23
  [1m[36mActiveRecord::InternalMetadata Create (0.3ms)[0m  [1m[32mINSERT INTO "ar_internal_metadata" ("key", "value", "created_at", "updated_at") VALUES (?, ?, ?, ?)[0m  [["key", "environment"], ["value", "development"], ["created_at", "2018-04-23 02:58:41.154108"], ["updated_at", "2018-04-23 02:58:41.154108"]]
  ↳ /home/saharak/.rbenv/versions/2.5.0/bin/rake:23
  [1m[35m (119.4ms)[0m  [1m[36mcommit transaction[0m
  ↳ /home/saharak/.rbenv/versions/2.5.0/bin/rake:23
  [1m[35m (0.1ms)[0m  [1m[34mSELECT "schema_migrations"."version" FROM "schema_migrations" ORDER BY "schema_migrations"."version" ASC[0m
  ↳ /home/saharak/.rbenv/versions/2.5.0/bin/rake:23
Started GET "/" for 127.0.0.1 at 2018-04-23 09:59:01 +0700
  [1m[35m (0.1ms)[0m  [1m[34mSELECT "schema_migrations"."version" FROM "schema_migrations" ORDER BY "schema_migrations"."version" ASC[0m
  ↳ /home/saharak/.rbenv/versions/2.5.0/lib/ruby/gems/2.5.0/gems/activerecord-5.2.0/lib/active_record/log_subscriber.rb:98
Processing by Rails::WelcomeController#index as HTML
  Rendering /home/saharak/.rbenv/versions/2.5.0/lib/ruby/gems/2.5.0/gems/railties-5.2.0/lib/rails/templates/rails/welcome/index.html.erb
  Rendered /home/saharak/.rbenv/versions/2.5.0/lib/ruby/gems/2.5.0/gems/railties-5.2.0/lib/rails/templates/rails/welcome/index.html.erb (5.6ms)
Completed 200 OK in 45ms (Views: 25.4ms | ActiveRecord: 0.0ms)


Started GET "/" for 127.0.0.1 at 2018-04-23 10:02:38 +0700
  [1m[35m (0.2ms)[0m  [1m[34mSELECT "schema_migrations"."version" FROM "schema_migrations" ORDER BY "schema_migrations"."version" ASC[0m
  ↳ /home/saharak/.rbenv/versions/2.5.0/lib/ruby/gems/2.5.0/gems/activerecord-5.2.0/lib/active_record/log_subscriber.rb:98
Processing by Rails::WelcomeController#index as HTML
  Rendering /home/saharak/.rbenv/versions/2.5.0/lib/ruby/gems/2.5.0/gems/railties-5.2.0/lib/rails/templates/rails/welcome/index.html.erb
  Rendered /home/saharak/.rbenv/versions/2.5.0/lib/ruby/gems/2.5.0/gems/railties-5.2.0/lib/rails/templates/rails/welcome/index.html.erb (2.2ms)
Completed 200 OK in 8ms (Views: 6.7ms | ActiveRecord: 0.0ms)


Started GET "/" for 127.0.0.1 at 2018-04-23 10:03:20 +0700
Processing by Devise::SessionsController#new as HTML
  Rendering /home/saharak/.rbenv/versions/2.5.0/lib/ruby/gems/2.5.0/gems/devise-4.4.3/app/views/devise/sessions/new.html.erb within layouts/application
  Rendered /home/saharak/.rbenv/versions/2.5.0/lib/ruby/gems/2.5.0/gems/devise-4.4.3/app/views/devise/shared/_links.html.erb (1.1ms)
  Rendered /home/saharak/.rbenv/versions/2.5.0/lib/ruby/gems/2.5.0/gems/devise-4.4.3/app/views/devise/sessions/new.html.erb within layouts/application (131.5ms)
Completed 200 OK in 500ms (Views: 477.8ms | ActiveRecord: 0.8ms)


Started GET "/users/sign_up" for 127.0.0.1 at 2018-04-23 10:04:53 +0700
Processing by Devise::RegistrationsController#new as HTML
  Rendering /home/saharak/.rbenv/versions/2.5.0/lib/ruby/gems/2.5.0/gems/devise-4.4.3/app/views/devise/registrations/new.html.erb within layouts/application
  Rendered /home/saharak/.rbenv/versions/2.5.0/lib/ruby/gems/2.5.0/gems/devise-4.4.3/app/views/devise/shared/_links.html.erb (0.9ms)
  Rendered /home/saharak/.rbenv/versions/2.5.0/lib/ruby/gems/2.5.0/gems/devise-4.4.3/app/views/devise/registrations/new.html.erb within layouts/application (4.1ms)
Completed 200 OK in 1630ms (Views: 1612.9ms | ActiveRecord: 0.7ms)


Started GET "/users/sign_up" for 127.0.0.1 at 2018-04-23 10:04:54 +0700
Processing by Devise::RegistrationsController#new as HTML
  Rendering /home/saharak/.rbenv/versions/2.5.0/lib/ruby/gems/2.5.0/gems/devise-4.4.3/app/views/devise/registrations/new.html.erb within layouts/application
  Rendered /home/saharak/.rbenv/versions/2.5.0/lib/ruby/gems/2.5.0/gems/devise-4.4.3/app/views/devise/shared/_links.html.erb (0.8ms)
  Rendered /home/saharak/.rbenv/versions/2.5.0/lib/ruby/gems/2.5.0/gems/devise-4.4.3/app/views/devise/registrations/new.html.erb within layouts/application (4.8ms)
Completed 200 OK in 34ms (Views: 32.1ms | ActiveRecord: 0.0ms)


Started POST "/users" for 127.0.0.1 at 2018-04-23 10:05:06 +0700
Processing by Devise::RegistrationsController#create as HTML
  Parameters: {"utf8"=>"✓", "authenticity_token"=>"Rh53lZ76ZiKkQfKFBOIytnkwCLsPQa1/5SfgAzLftHP6coF6bDFehYuWfogcyFKhR19sgBDG6GyIINXpeX3uAg==", "user"=>{"email"=>"mju5804101398@gmaejo.mju.ac.th", "password"=>"[FILTERED]", "password_confirmation"=>"[FILTERED]"}, "commit"=>"Sign up"}
  [1m[35m (0.1ms)[0m  [1m[36mbegin transaction[0m
  ↳ /home/saharak/.rbenv/versions/2.5.0/lib/ruby/gems/2.5.0/gems/activerecord-5.2.0/lib/active_record/log_subscriber.rb:98
  [1m[36mUser Exists (0.2ms)[0m  [1m[34mSELECT  1 AS one FROM "users" WHERE "users"."email" = ? LIMIT ?[0m  [["email", "mju5804101398@gmaejo.mju.ac.th"], ["LIMIT", 1]]
  ↳ /home/saharak/.rbenv/versions/2.5.0/lib/ruby/gems/2.5.0/gems/activerecord-5.2.0/lib/active_record/log_subscriber.rb:98
  [1m[36mUser Create (0.7ms)[0m  [1m[32mINSERT INTO "users" ("email", "encrypted_password", "created_at", "updated_at") VALUES (?, ?, ?, ?)[0m  [["email", "mju5804101398@gmaejo.mju.ac.th"], ["encrypted_password", "$2a$11$.3JP52qbbHTBMl47UFM48u.S46nNVq6niDgSSszKr7pM/eHeGuCNS"], ["created_at", "2018-04-23 03:05:06.316975"], ["updated_at", "2018-04-23 03:05:06.316975"]]
  ↳ /home/saharak/.rbenv/versions/2.5.0/lib/ruby/gems/2.5.0/gems/activerecord-5.2.0/lib/active_record/log_subscriber.rb:98
  [1m[35m (192.7ms)[0m  [1m[36mcommit transaction[0m
  ↳ /home/saharak/.rbenv/versions/2.5.0/lib/ruby/gems/2.5.0/gems/activerecord-5.2.0/lib/active_record/log_subscriber.rb:98
  [1m[35m (0.3ms)[0m  [1m[36mbegin transaction[0m
  ↳ /home/saharak/.rbenv/versions/2.5.0/lib/ruby/gems/2.5.0/gems/activerecord-5.2.0/lib/active_record/log_subscriber.rb:98
  [1m[36mUser Update (0.2ms)[0m  [1m[33mUPDATE "users" SET "sign_in_count" = ?, "current_sign_in_at" = ?, "last_sign_in_at" = ?, "current_sign_in_ip" = ?, "last_sign_in_ip" = ?, "updated_at" = ? WHERE "users"."id" = ?[0m  [["sign_in_count", 1], ["current_sign_in_at", "2018-04-23 03:05:06.513182"], ["last_sign_in_at", "2018-04-23 03:05:06.513182"], ["current_sign_in_ip", "127.0.0.1"], ["last_sign_in_ip", "127.0.0.1"], ["updated_at", "2018-04-23 03:05:06.514185"], ["id", 1]]
  ↳ /home/saharak/.rbenv/versions/2.5.0/lib/ruby/gems/2.5.0/gems/activerecord-5.2.0/lib/active_record/log_subscriber.rb:98
  [1m[35m (71.5ms)[0m  [1m[36mcommit transaction[0m
  ↳ /home/saharak/.rbenv/versions/2.5.0/lib/ruby/gems/2.5.0/gems/activerecord-5.2.0/lib/active_record/log_subscriber.rb:98
Redirected to http://localhost:3000/
Completed 302 Found in 524ms (ActiveRecord: 265.7ms)


Started GET "/" for 127.0.0.1 at 2018-04-23 10:05:06 +0700
  [1m[36mUser Load (0.2ms)[0m  [1m[34mSELECT  "users".* FROM "users" WHERE "users"."id" = ? ORDER BY "users"."id" ASC LIMIT ?[0m  [["id", 1], ["LIMIT", 1]]
  ↳ /home/saharak/.rbenv/versions/2.5.0/lib/ruby/gems/2.5.0/gems/activerecord-5.2.0/lib/active_record/log_subscriber.rb:98
Processing by HomeController#index as HTML
  Rendering home/index.html.erb within layouts/application
  Rendered home/index.html.erb within layouts/application (0.4ms)
Completed 200 OK in 19ms (Views: 18.1ms | ActiveRecord: 0.0ms)


Started DELETE "/users/sign_out" for 127.0.0.1 at 2018-04-23 10:05:09 +0700
Processing by Devise::SessionsController#destroy as HTML
  Parameters: {"authenticity_token"=>"DMfYmsBZqmvmGGnxiRrvsdySHIYWhl5e9sVrj6kDgLmwqy51MpKSzMnP5fyRMI+m4v14vQkBG02bwl5l4qHayA=="}
  [1m[36mUser Load (0.3ms)[0m  [1m[34mSELECT  "users".* FROM "users" WHERE "users"."id" = ? ORDER BY "users"."id" ASC LIMIT ?[0m  [["id", 1], ["LIMIT", 1]]
  ↳ /home/saharak/.rbenv/versions/2.5.0/lib/ruby/gems/2.5.0/gems/activerecord-5.2.0/lib/active_record/log_subscriber.rb:98
  [1m[35m (0.4ms)[0m  [1m[36mbegin transaction[0m
  ↳ /home/saharak/.rbenv/versions/2.5.0/lib/ruby/gems/2.5.0/gems/activerecord-5.2.0/lib/active_record/log_subscriber.rb:98
  [1m[35m (0.1ms)[0m  [1m[36mcommit transaction[0m
  ↳ /home/saharak/.rbenv/versions/2.5.0/lib/ruby/gems/2.5.0/gems/activerecord-5.2.0/lib/active_record/log_subscriber.rb:98
Redirected to http://localhost:3000/
Completed 302 Found in 85ms (ActiveRecord: 0.7ms)


Started GET "/" for 127.0.0.1 at 2018-04-23 10:05:09 +0700
Processing by Devise::SessionsController#new as HTML
  Rendering /home/saharak/.rbenv/versions/2.5.0/lib/ruby/gems/2.5.0/gems/devise-4.4.3/app/views/devise/sessions/new.html.erb within layouts/application
  Rendered /home/saharak/.rbenv/versions/2.5.0/lib/ruby/gems/2.5.0/gems/devise-4.4.3/app/views/devise/shared/_links.html.erb (0.9ms)
  Rendered /home/saharak/.rbenv/versions/2.5.0/lib/ruby/gems/2.5.0/gems/devise-4.4.3/app/views/devise/sessions/new.html.erb within layouts/application (6.7ms)
Completed 200 OK in 30ms (Views: 28.5ms | ActiveRecord: 0.0ms)


Started GET "/" for 127.0.0.1 at 2018-04-23 10:43:35 +0700
  [1m[35m (0.1ms)[0m  [1m[34mSELECT "schema_migrations"."version" FROM "schema_migrations" ORDER BY "schema_migrations"."version" ASC[0m
  ↳ /home/saharak/.rbenv/versions/2.5.0/lib/ruby/gems/2.5.0/gems/activerecord-5.2.0/lib/active_record/log_subscriber.rb:98
Processing by Devise::SessionsController#new as HTML
  Rendering /home/saharak/.rbenv/versions/2.5.0/lib/ruby/gems/2.5.0/gems/devise-4.4.3/app/views/devise/sessions/new.html.erb within layouts/application
  Rendered /home/saharak/.rbenv/versions/2.5.0/lib/ruby/gems/2.5.0/gems/devise-4.4.3/app/views/devise/shared/_links.html.erb (1.3ms)
  Rendered /home/saharak/.rbenv/versions/2.5.0/lib/ruby/gems/2.5.0/gems/devise-4.4.3/app/views/devise/sessions/new.html.erb within layouts/application (14.5ms)
Completed 200 OK in 245ms (Views: 227.2ms | ActiveRecord: 1.0ms)


Started POST "/users/sign_in" for 127.0.0.1 at 2018-04-23 10:43:38 +0700
Processing by Devise::SessionsController#create as HTML
  Parameters: {"utf8"=>"✓", "authenticity_token"=>"ZYUtD9VsU77S8VzgCE6GTTWU2Bp7xHIc/iT1Lxc/hWVVjAsf0rCC8Ltvqy8+0/WFO1WdnX06SXFOPbkWFbEYUQ==", "user"=>{"email"=>"mju5804101398@gmaejo.mju.ac.th", "password"=>"[FILTERED]", "remember_me"=>"0"}, "commit"=>"Log in"}
  [1m[36mUser Load (0.2ms)[0m  [1m[34mSELECT  "users".* FROM "users" WHERE "users"."email" = ? ORDER BY "users"."id" ASC LIMIT ?[0m  [["email", "mju5804101398@gmaejo.mju.ac.th"], ["LIMIT", 1]]
  ↳ /home/saharak/.rbenv/versions/2.5.0/lib/ruby/gems/2.5.0/gems/activerecord-5.2.0/lib/active_record/log_subscriber.rb:98
  [1m[35m (0.1ms)[0m  [1m[36mbegin transaction[0m
  ↳ /home/saharak/.rbenv/versions/2.5.0/lib/ruby/gems/2.5.0/gems/activerecord-5.2.0/lib/active_record/log_subscriber.rb:98
  [1m[36mUser Update (0.4ms)[0m  [1m[33mUPDATE "users" SET "current_sign_in_at" = ?, "sign_in_count" = ?, "updated_at" = ? WHERE "users"."id" = ?[0m  [["current_sign_in_at", "2018-04-23 03:43:38.711053"], ["sign_in_count", 2], ["updated_at", "2018-04-23 03:43:38.712033"], ["id", 1]]
  ↳ /home/saharak/.rbenv/versions/2.5.0/lib/ruby/gems/2.5.0/gems/activerecord-5.2.0/lib/active_record/log_subscriber.rb:98
  [1m[35m (172.7ms)[0m  [1m[36mcommit transaction[0m
  ↳ /home/saharak/.rbenv/versions/2.5.0/lib/ruby/gems/2.5.0/gems/activerecord-5.2.0/lib/active_record/log_subscriber.rb:98
Redirected to http://localhost:3000/
Completed 302 Found in 385ms (ActiveRecord: 173.3ms)


Started GET "/" for 127.0.0.1 at 2018-04-23 10:43:38 +0700
  [1m[36mUser Load (0.2ms)[0m  [1m[34mSELECT  "users".* FROM "users" WHERE "users"."id" = ? ORDER BY "users"."id" ASC LIMIT ?[0m  [["id", 1], ["LIMIT", 1]]
  ↳ /home/saharak/.rbenv/versions/2.5.0/lib/ruby/gems/2.5.0/gems/activerecord-5.2.0/lib/active_record/log_subscriber.rb:98
Processing by HomeController#index as HTML
  Rendering home/index.html.erb within layouts/application
  Rendered home/index.html.erb within layouts/application (0.4ms)
Completed 200 OK in 19ms (Views: 18.0ms | ActiveRecord: 0.0ms)


  [1m[35m (0.1ms)[0m  [1m[34mSELECT "schema_migrations"."version" FROM "schema_migrations" ORDER BY "schema_migrations"."version" ASC[0m
  ↳ bin/rails:9
  [1m[36mActiveRecord::InternalMetadata Load (0.2ms)[0m  [1m[34mSELECT  "ar_internal_metadata".* FROM "ar_internal_metadata" WHERE "ar_internal_metadata"."key" = ? LIMIT ?[0m  [["key", "environment"], ["LIMIT", 1]]
  ↳ bin/rails:9
  [1m[35m (0.1ms)[0m  [1m[36mbegin transaction[0m
  ↳ bin/rails:9
  [1m[35m (0.1ms)[0m  [1m[36mcommit transaction[0m
  ↳ bin/rails:9
  [1m[35m (0.1ms)[0m  [1m[34mSELECT "schema_migrations"."version" FROM "schema_migrations" ORDER BY "schema_migrations"."version" ASC[0m
  ↳ bin/rails:9
  [1m[35m (0.1ms)[0m  [1m[34mSELECT "schema_migrations"."version" FROM "schema_migrations" ORDER BY "schema_migrations"."version" ASC[0m
  ↳ bin/rails:9
  [1m[36mActiveRecord::InternalMetadata Load (0.2ms)[0m  [1m[34mSELECT  "ar_internal_metadata".* FROM "ar_internal_metadata" WHERE "ar_internal_metadata"."key" = ? LIMIT ?[0m  [["key", "environment"], ["LIMIT", 1]]
  ↳ bin/rails:9
  [1m[35m (0.1ms)[0m  [1m[36mbegin transaction[0m
  ↳ bin/rails:9
  [1m[35m (0.1ms)[0m  [1m[36mcommit transaction[0m
  ↳ bin/rails:9
  [1m[35m (0.1ms)[0m  [1m[34mSELECT "schema_migrations"."version" FROM "schema_migrations" ORDER BY "schema_migrations"."version" ASC[0m
  ↳ bin/rails:9
Started GET "/" for 127.0.0.1 at 2018-04-23 11:02:11 +0700
  [1m[35m (0.2ms)[0m  [1m[34mSELECT "schema_migrations"."version" FROM "schema_migrations" ORDER BY "schema_migrations"."version" ASC[0m
  ↳ /home/saharak/.rbenv/versions/2.5.0/lib/ruby/gems/2.5.0/gems/activerecord-5.2.0/lib/active_record/log_subscriber.rb:98
  [1m[36mUser Load (0.3ms)[0m  [1m[34mSELECT  "users".* FROM "users" WHERE "users"."id" = ? ORDER BY "users"."id" ASC LIMIT ?[0m  [["id", 1], ["LIMIT", 1]]
  ↳ /home/saharak/.rbenv/versions/2.5.0/lib/ruby/gems/2.5.0/gems/activerecord-5.2.0/lib/active_record/log_subscriber.rb:98
Processing by HomeController#index as HTML
  Rendering home/index.html.erb within layouts/application
  Rendered home/index.html.erb within layouts/application (1.2ms)
Completed 200 OK in 202ms (Views: 200.7ms | ActiveRecord: 0.0ms)


Started DELETE "/users/sign_out" for 127.0.0.1 at 2018-04-23 11:02:14 +0700
Processing by Devise::SessionsController#destroy as HTML
  Parameters: {"authenticity_token"=>"IzgwxxElyIhnOqoKwHg2UCHy89hn7xNccPqagxUZls5yVKCvq0fW9zxb2Q7tfrLddZFZAkZ+YvP/aBwmBpMaOA=="}
  [1m[36mUser Load (0.2ms)[0m  [1m[34mSELECT  "users".* FROM "users" WHERE "users"."id" = ? ORDER BY "users"."id" ASC LIMIT ?[0m  [["id", 1], ["LIMIT", 1]]
  ↳ /home/saharak/.rbenv/versions/2.5.0/lib/ruby/gems/2.5.0/gems/activerecord-5.2.0/lib/active_record/log_subscriber.rb:98
  [1m[35m (0.1ms)[0m  [1m[36mbegin transaction[0m
  ↳ /home/saharak/.rbenv/versions/2.5.0/lib/ruby/gems/2.5.0/gems/activerecord-5.2.0/lib/active_record/log_subscriber.rb:98
  [1m[35m (0.1ms)[0m  [1m[36mcommit transaction[0m
  ↳ /home/saharak/.rbenv/versions/2.5.0/lib/ruby/gems/2.5.0/gems/activerecord-5.2.0/lib/active_record/log_subscriber.rb:98
Redirected to http://localhost:3000/
Completed 302 Found in 9ms (ActiveRecord: 0.4ms)


Started GET "/" for 127.0.0.1 at 2018-04-23 11:02:14 +0700
Processing by Devise::SessionsController#new as HTML
  Rendering /home/saharak/.rbenv/versions/2.5.0/lib/ruby/gems/2.5.0/gems/devise-4.4.3/app/views/devise/sessions/new.html.erb within layouts/application
  Rendered /home/saharak/.rbenv/versions/2.5.0/lib/ruby/gems/2.5.0/gems/devise-4.4.3/app/views/devise/shared/_links.html.erb (1.2ms)
  Rendered /home/saharak/.rbenv/versions/2.5.0/lib/ruby/gems/2.5.0/gems/devise-4.4.3/app/views/devise/sessions/new.html.erb within layouts/application (10.0ms)
Completed 200 OK in 38ms (Views: 36.4ms | ActiveRecord: 0.0ms)


  [1m[35m (0.1ms)[0m  [1m[34mSELECT "schema_migrations"."version" FROM "schema_migrations" ORDER BY "schema_migrations"."version" ASC[0m
  ↳ bin/rails:9
Migrating to CreateAdmins (20180423040546)
  [1m[35m (0.1ms)[0m  [1m[36mbegin transaction[0m
  ↳ bin/rails:9
  [1m[35m (0.1ms)[0m  [1m[34mSELECT sqlite_version(*)[0m
  ↳ db/migrate/20180423040546_create_admins.rb:3
  [1m[35m (0.3ms)[0m  [1m[35mCREATE TABLE "admins" ("id" integer PRIMARY KEY AUTOINCREMENT NOT NULL, "fname" varchar, "testemail" varchar, "testlogin" varchar, "created_at" datetime NOT NULL, "updated_at" datetime NOT NULL)[0m
  ↳ db/migrate/20180423040546_create_admins.rb:3
  [1m[36mActiveRecord::SchemaMigration Create (0.2ms)[0m  [1m[32mINSERT INTO "schema_migrations" ("version") VALUES (?)[0m  [["version", "20180423040546"]]
  ↳ bin/rails:9
  [1m[35m (112.5ms)[0m  [1m[36mcommit transaction[0m
  ↳ bin/rails:9
  [1m[36mActiveRecord::InternalMetadata Load (0.2ms)[0m  [1m[34mSELECT  "ar_internal_metadata".* FROM "ar_internal_metadata" WHERE "ar_internal_metadata"."key" = ? LIMIT ?[0m  [["key", "environment"], ["LIMIT", 1]]
  ↳ bin/rails:9
  [1m[35m (0.1ms)[0m  [1m[36mbegin transaction[0m
  ↳ bin/rails:9
  [1m[35m (0.1ms)[0m  [1m[36mcommit transaction[0m
  ↳ bin/rails:9
  [1m[35m (0.1ms)[0m  [1m[34mSELECT "schema_migrations"."version" FROM "schema_migrations" ORDER BY "schema_migrations"."version" ASC[0m
  ↳ bin/rails:9
UserMailer#welcome_email: processed outbound mail in 3.7ms
UserMailer#welcome_email: processed outbound mail in 7.0ms
UserMailer#welcome_email: processed outbound mail in 6.4ms
UserMailer#welcome_email: processed outbound mail in 11.0ms
UserMailer#welcome_email: processed outbound mail in 8.3ms
UserMailer#welcome_email: processed outbound mail in 2.6ms
UserMailer#welcome_email: processed outbound mail in 7.0ms
UserMailer#welcome_email: processed outbound mail in 7.0ms
UserMailer#welcome_email: processed outbound mail in 10.9ms
UserMailer#welcome_email: processed outbound mail in 7.1ms
UserMailer#welcome_email: processed outbound mail in 8.1ms
UserMailer#welcome_email: processed outbound mail in 6.6ms
UserMailer#welcome_email: processed outbound mail in 10.1ms
Started GET "/" for 127.0.0.1 at 2018-04-23 11:16:34 +0700
  [1m[35m (0.1ms)[0m  [1m[34mSELECT "schema_migrations"."version" FROM "schema_migrations" ORDER BY "schema_migrations"."version" ASC[0m
  ↳ /home/saharak/.rbenv/versions/2.5.0/lib/ruby/gems/2.5.0/gems/activerecord-5.2.0/lib/active_record/log_subscriber.rb:98
Processing by Devise::SessionsController#new as HTML
  Rendering /home/saharak/.rbenv/versions/2.5.0/lib/ruby/gems/2.5.0/gems/devise-4.4.3/app/views/devise/sessions/new.html.erb within layouts/application
  Rendered /home/saharak/.rbenv/versions/2.5.0/lib/ruby/gems/2.5.0/gems/devise-4.4.3/app/views/devise/shared/_links.html.erb (1.0ms)
  Rendered /home/saharak/.rbenv/versions/2.5.0/lib/ruby/gems/2.5.0/gems/devise-4.4.3/app/views/devise/sessions/new.html.erb within layouts/application (14.4ms)
Completed 200 OK in 364ms (Views: 348.0ms | ActiveRecord: 1.7ms)


  Rendering user_mailer/welcome_email.html.erb within layouts/mailer
  Rendered user_mailer/welcome_email.html.erb within layouts/mailer (0.7ms)
  Rendering user_mailer/welcome_email.text.erb within layouts/mailer
  Rendered user_mailer/welcome_email.text.erb within layouts/mailer (0.4ms)
UserMailer#welcome_email: processed outbound mail in 763.8ms
Sent mail to admin@bananacoding.com (163.2ms)
Date: Mon, 23 Apr 2018 11:17:35 +0700
From: mju580410138@gmaejo.mju.ac.th
To: admin@bananacoding.com
Message-ID: <5add5e5fd4913_39232b014361e68436678@saharak.mail>
Subject: Welcome to My Awesome Site
Mime-Version: 1.0
Content-Type: multipart/alternative;
 boundary="--==_mimepart_5add5e5fd247c_39232b014361e68436582";
 charset=UTF-8
Content-Transfer-Encoding: 7bit


----==_mimepart_5add5e5fd247c_39232b014361e68436582
Content-Type: text/plain;
 charset=UTF-8
Content-Transfer-Encoding: 7bit

Welcome to example.com, Dove
You have successfully signed up to example.com,
your username is: Logintest.
To login to the site, just follow this link: http://example.com/login.


----==_mimepart_5add5e5fd247c_39232b014361e68436582
Content-Type: text/html;
 charset=UTF-8
Content-Transfer-Encoding: 7bit

<!DOCTYPE html>
<html>
  <head>
    <meta http-equiv="Content-Type" content="text/html; charset=utf-8" />
    <style>
      /* Email styles need to be inline */
    </style>
  </head>

  <body>
    <h1>Welcome to example.com, Dove</h1>
You have successfully signed up to example.com,
your username is: Logintest.<br>
To login to the site, just follow this link: http://example.com/login.
<p>Thanks for joining and have a great day!</p>
  </body>
</html>

----==_mimepart_5add5e5fd247c_39232b014361e68436582--

Started GET "/" for 127.0.0.1 at 2018-04-23 11:22:16 +0700
  [1m[35m (0.1ms)[0m  [1m[34mSELECT "schema_migrations"."version" FROM "schema_migrations" ORDER BY "schema_migrations"."version" ASC[0m
  ↳ /home/saharak/.rbenv/versions/2.5.0/lib/ruby/gems/2.5.0/gems/activerecord-5.2.0/lib/active_record/log_subscriber.rb:98
Processing by Devise::SessionsController#new as HTML
  Rendering /home/saharak/.rbenv/versions/2.5.0/lib/ruby/gems/2.5.0/gems/devise-4.4.3/app/views/devise/sessions/new.html.erb within layouts/application
  Rendered /home/saharak/.rbenv/versions/2.5.0/lib/ruby/gems/2.5.0/gems/devise-4.4.3/app/views/devise/shared/_links.html.erb (1.0ms)
  Rendered /home/saharak/.rbenv/versions/2.5.0/lib/ruby/gems/2.5.0/gems/devise-4.4.3/app/views/devise/sessions/new.html.erb within layouts/application (15.5ms)
Completed 200 OK in 275ms (Views: 258.2ms | ActiveRecord: 0.7ms)


Started POST "/users/sign_in" for 127.0.0.1 at 2018-04-23 11:22:19 +0700
Processing by Devise::SessionsController#create as HTML
  Parameters: {"utf8"=>"✓", "authenticity_token"=>"OTLUAHXOyP1j9+93QzWnPklNJz0paewShidK4yHiT8D3D5R/sq1Vf8zETqIGVLrh/UeTCunPkkwZAWjt74eSQA==", "user"=>{"email"=>"mju5804101398@gmaejo.mju.ac.th", "password"=>"[FILTERED]", "remember_me"=>"0"}, "commit"=>"Log in"}
  [1m[36mUser Load (0.4ms)[0m  [1m[34mSELECT  "users".* FROM "users" WHERE "users"."email" = ? ORDER BY "users"."id" ASC LIMIT ?[0m  [["email", "mju5804101398@gmaejo.mju.ac.th"], ["LIMIT", 1]]
  ↳ /home/saharak/.rbenv/versions/2.5.0/lib/ruby/gems/2.5.0/gems/activerecord-5.2.0/lib/active_record/log_subscriber.rb:98
  [1m[35m (0.1ms)[0m  [1m[36mbegin transaction[0m
  ↳ /home/saharak/.rbenv/versions/2.5.0/lib/ruby/gems/2.5.0/gems/activerecord-5.2.0/lib/active_record/log_subscriber.rb:98
  [1m[36mUser Update (0.3ms)[0m  [1m[33mUPDATE "users" SET "current_sign_in_at" = ?, "last_sign_in_at" = ?, "sign_in_count" = ?, "updated_at" = ? WHERE "users"."id" = ?[0m  [["current_sign_in_at", "2018-04-23 04:22:19.493108"], ["last_sign_in_at", "2018-04-23 03:43:38.711053"], ["sign_in_count", 3], ["updated_at", "2018-04-23 04:22:19.494008"], ["id", 1]]
  ↳ /home/saharak/.rbenv/versions/2.5.0/lib/ruby/gems/2.5.0/gems/activerecord-5.2.0/lib/active_record/log_subscriber.rb:98
  [1m[35m (82.4ms)[0m  [1m[36mcommit transaction[0m
  ↳ /home/saharak/.rbenv/versions/2.5.0/lib/ruby/gems/2.5.0/gems/activerecord-5.2.0/lib/active_record/log_subscriber.rb:98
Redirected to http://localhost:3000/
Completed 302 Found in 252ms (ActiveRecord: 83.1ms)


Started GET "/" for 127.0.0.1 at 2018-04-23 11:22:19 +0700
  [1m[36mUser Load (0.3ms)[0m  [1m[34mSELECT  "users".* FROM "users" WHERE "users"."id" = ? ORDER BY "users"."id" ASC LIMIT ?[0m  [["id", 1], ["LIMIT", 1]]
  ↳ /home/saharak/.rbenv/versions/2.5.0/lib/ruby/gems/2.5.0/gems/activerecord-5.2.0/lib/active_record/log_subscriber.rb:98
Processing by HomeController#index as HTML
  Rendering home/index.html.erb within layouts/application
  Rendered home/index.html.erb within layouts/application (0.5ms)
Completed 200 OK in 22ms (Views: 20.3ms | ActiveRecord: 0.0ms)


Started DELETE "/users/sign_out" for 127.0.0.1 at 2018-04-23 11:22:21 +0700
Processing by Devise::SessionsController#destroy as HTML
  Parameters: {"authenticity_token"=>"4utjkJpf7NXuvvBRdgLFb+jlH5JctWtbJWAaeSr4i8Uu4NG86UdZbR/3apvX8quGRRiN0ta85+c/fgMQS4A9MA=="}
  [1m[36mUser Load (0.3ms)[0m  [1m[34mSELECT  "users".* FROM "users" WHERE "users"."id" = ? ORDER BY "users"."id" ASC LIMIT ?[0m  [["id", 1], ["LIMIT", 1]]
  ↳ /home/saharak/.rbenv/versions/2.5.0/lib/ruby/gems/2.5.0/gems/activerecord-5.2.0/lib/active_record/log_subscriber.rb:98
  [1m[35m (0.3ms)[0m  [1m[36mbegin transaction[0m
  ↳ /home/saharak/.rbenv/versions/2.5.0/lib/ruby/gems/2.5.0/gems/activerecord-5.2.0/lib/active_record/log_subscriber.rb:98
  [1m[35m (0.1ms)[0m  [1m[36mcommit transaction[0m
  ↳ /home/saharak/.rbenv/versions/2.5.0/lib/ruby/gems/2.5.0/gems/activerecord-5.2.0/lib/active_record/log_subscriber.rb:98
Redirected to http://localhost:3000/
Completed 302 Found in 8ms (ActiveRecord: 0.7ms)


Started GET "/" for 127.0.0.1 at 2018-04-23 11:22:21 +0700
Processing by Devise::SessionsController#new as HTML
  Rendering /home/saharak/.rbenv/versions/2.5.0/lib/ruby/gems/2.5.0/gems/devise-4.4.3/app/views/devise/sessions/new.html.erb within layouts/application
  Rendered /home/saharak/.rbenv/versions/2.5.0/lib/ruby/gems/2.5.0/gems/devise-4.4.3/app/views/devise/shared/_links.html.erb (0.8ms)
  Rendered /home/saharak/.rbenv/versions/2.5.0/lib/ruby/gems/2.5.0/gems/devise-4.4.3/app/views/devise/sessions/new.html.erb within layouts/application (3.2ms)
Completed 200 OK in 27ms (Views: 25.7ms | ActiveRecord: 0.0ms)


  Rendering user_mailer/welcome_email.html.erb within layouts/mailer
  Rendered user_mailer/welcome_email.html.erb within layouts/mailer (0.6ms)
  Rendering user_mailer/welcome_email.text.erb within layouts/mailer
  Rendered user_mailer/welcome_email.text.erb within layouts/mailer (0.3ms)
UserMailer#welcome_email: processed outbound mail in 26.9ms
Sent mail to admin@bananacoding.com (17.0ms)
Date: Mon, 23 Apr 2018 11:25:09 +0700
From: mju580410138@gmaejo.mju.ac.th
To: admin@bananacoding.com
Message-ID: <5add6025c0e9d_3e332b10f6d7e68c867e4@saharak.mail>
Subject: Welcome to My Awesome Site
Mime-Version: 1.0
Content-Type: multipart/alternative;
 boundary="--==_mimepart_5add6025c0228_3e332b10f6d7e68c86657";
 charset=UTF-8
Content-Transfer-Encoding: 7bit


----==_mimepart_5add6025c0228_3e332b10f6d7e68c86657
Content-Type: text/plain;
 charset=UTF-8
Content-Transfer-Encoding: 7bit

Welcome to example.com, Dove
You have successfully signed up to example.com,
your username is: Logintest.
To login to the site, just follow this link: http://example.com/login.


----==_mimepart_5add6025c0228_3e332b10f6d7e68c86657
Content-Type: text/html;
 charset=UTF-8
Content-Transfer-Encoding: 7bit

<!DOCTYPE html>
<html>
  <head>
    <meta http-equiv="Content-Type" content="text/html; charset=utf-8" />
    <style>
      /* Email styles need to be inline */
    </style>
  </head>

  <body>
    <h1>Welcome to example.com, Dove</h1>
You have successfully signed up to example.com,
your username is: Logintest.<br>
To login to the site, just follow this link: http://example.com/login.
<p>Thanks for joining and have a great day!</p>
  </body>
</html>

----==_mimepart_5add6025c0228_3e332b10f6d7e68c86657--

Started GET "/" for 127.0.0.1 at 2018-04-23 17:32:09 +0700
  [1m[35m (0.2ms)[0m  [1m[34mSELECT "schema_migrations"."version" FROM "schema_migrations" ORDER BY "schema_migrations"."version" ASC[0m
  ↳ /home/saharak/.rbenv/versions/2.5.0/lib/ruby/gems/2.5.0/gems/activerecord-5.2.0/lib/active_record/log_subscriber.rb:98
Processing by Devise::SessionsController#new as HTML
  Rendering /home/saharak/.rbenv/versions/2.5.0/lib/ruby/gems/2.5.0/gems/devise-4.4.3/app/views/devise/sessions/new.html.erb within layouts/application
  Rendered /home/saharak/.rbenv/versions/2.5.0/lib/ruby/gems/2.5.0/gems/devise-4.4.3/app/views/devise/shared/_links.html.erb (1.1ms)
  Rendered /home/saharak/.rbenv/versions/2.5.0/lib/ruby/gems/2.5.0/gems/devise-4.4.3/app/views/devise/sessions/new.html.erb within layouts/application (10.1ms)
Completed 200 OK in 247ms (Views: 232.8ms | ActiveRecord: 0.6ms)


Started POST "/users/sign_in" for 127.0.0.1 at 2018-04-23 17:32:22 +0700
Processing by Devise::SessionsController#create as HTML
  Parameters: {"utf8"=>"✓", "authenticity_token"=>"dOrt8kcmcR/z2F5EmfVfkwgfI8Pvg9UQR+9P/ok1GiraRn+RJby0hkdWxkH/WWuwBvP3TUJ4Q422C7g2mkHafA==", "user"=>{"email"=>"mju5804101398@gmaejo.mju.ac.th", "password"=>"[FILTERED]", "remember_me"=>"0"}, "commit"=>"Log in"}
  [1m[36mUser Load (0.2ms)[0m  [1m[34mSELECT  "users".* FROM "users" WHERE "users"."email" = ? ORDER BY "users"."id" ASC LIMIT ?[0m  [["email", "mju5804101398@gmaejo.mju.ac.th"], ["LIMIT", 1]]
  ↳ /home/saharak/.rbenv/versions/2.5.0/lib/ruby/gems/2.5.0/gems/activerecord-5.2.0/lib/active_record/log_subscriber.rb:98
  [1m[35m (0.1ms)[0m  [1m[36mbegin transaction[0m
  ↳ /home/saharak/.rbenv/versions/2.5.0/lib/ruby/gems/2.5.0/gems/activerecord-5.2.0/lib/active_record/log_subscriber.rb:98
  [1m[36mUser Update (0.3ms)[0m  [1m[33mUPDATE "users" SET "current_sign_in_at" = ?, "last_sign_in_at" = ?, "sign_in_count" = ?, "updated_at" = ? WHERE "users"."id" = ?[0m  [["current_sign_in_at", "2018-04-23 10:32:22.962481"], ["last_sign_in_at", "2018-04-23 04:22:19.493108"], ["sign_in_count", 4], ["updated_at", "2018-04-23 10:32:22.963442"], ["id", 1]]
  ↳ /home/saharak/.rbenv/versions/2.5.0/lib/ruby/gems/2.5.0/gems/activerecord-5.2.0/lib/active_record/log_subscriber.rb:98
  [1m[35m (75.4ms)[0m  [1m[36mcommit transaction[0m
  ↳ /home/saharak/.rbenv/versions/2.5.0/lib/ruby/gems/2.5.0/gems/activerecord-5.2.0/lib/active_record/log_subscriber.rb:98
Redirected to http://localhost:3000/
Completed 302 Found in 257ms (ActiveRecord: 75.9ms)


Started GET "/" for 127.0.0.1 at 2018-04-23 17:32:23 +0700
  [1m[36mUser Load (0.3ms)[0m  [1m[34mSELECT  "users".* FROM "users" WHERE "users"."id" = ? ORDER BY "users"."id" ASC LIMIT ?[0m  [["id", 1], ["LIMIT", 1]]
  ↳ /home/saharak/.rbenv/versions/2.5.0/lib/ruby/gems/2.5.0/gems/activerecord-5.2.0/lib/active_record/log_subscriber.rb:98
Processing by HomeController#index as HTML
  Rendering home/index.html.erb within layouts/application
  Rendered home/index.html.erb within layouts/application (0.7ms)
Completed 200 OK in 27ms (Views: 25.3ms | ActiveRecord: 0.0ms)


Started DELETE "/users/sign_out" for 127.0.0.1 at 2018-04-23 17:37:17 +0700
Processing by Devise::SessionsController#destroy as HTML
  Parameters: {"authenticity_token"=>"KKEqHl3gba0gVxIuImfWBF3a2RfGnytD7jcUhGBPKwOjmdp095PlmyoYlKTiShWwywb6DuGkfm8CDD/vXFiCfA=="}
  [1m[36mUser Load (0.4ms)[0m  [1m[34mSELECT  "users".* FROM "users" WHERE "users"."id" = ? ORDER BY "users"."id" ASC LIMIT ?[0m  [["id", 1], ["LIMIT", 1]]
  ↳ /home/saharak/.rbenv/versions/2.5.0/lib/ruby/gems/2.5.0/gems/activerecord-5.2.0/lib/active_record/log_subscriber.rb:98
  [1m[35m (0.1ms)[0m  [1m[36mbegin transaction[0m
  ↳ /home/saharak/.rbenv/versions/2.5.0/lib/ruby/gems/2.5.0/gems/activerecord-5.2.0/lib/active_record/log_subscriber.rb:98
  [1m[35m (0.1ms)[0m  [1m[36mcommit transaction[0m
  ↳ /home/saharak/.rbenv/versions/2.5.0/lib/ruby/gems/2.5.0/gems/activerecord-5.2.0/lib/active_record/log_subscriber.rb:98
Redirected to http://localhost:3000/
Completed 302 Found in 20ms (ActiveRecord: 0.5ms)


Started GET "/" for 127.0.0.1 at 2018-04-23 17:37:17 +0700
Processing by Devise::SessionsController#new as HTML
  Rendering /home/saharak/.rbenv/versions/2.5.0/lib/ruby/gems/2.5.0/gems/devise-4.4.3/app/views/devise/sessions/new.html.erb within layouts/application
  Rendered /home/saharak/.rbenv/versions/2.5.0/lib/ruby/gems/2.5.0/gems/devise-4.4.3/app/views/devise/shared/_links.html.erb (1.9ms)
  Rendered /home/saharak/.rbenv/versions/2.5.0/lib/ruby/gems/2.5.0/gems/devise-4.4.3/app/views/devise/sessions/new.html.erb within layouts/application (8.5ms)
Completed 200 OK in 35ms (Views: 34.0ms | ActiveRecord: 0.0ms)


Started GET "/users/sign_up" for 127.0.0.1 at 2018-04-23 17:37:24 +0700
Processing by Devise::RegistrationsController#new as HTML
  Rendering /home/saharak/.rbenv/versions/2.5.0/lib/ruby/gems/2.5.0/gems/devise-4.4.3/app/views/devise/registrations/new.html.erb within layouts/application
  Rendered /home/saharak/.rbenv/versions/2.5.0/lib/ruby/gems/2.5.0/gems/devise-4.4.3/app/views/devise/shared/_links.html.erb (1.3ms)
  Rendered /home/saharak/.rbenv/versions/2.5.0/lib/ruby/gems/2.5.0/gems/devise-4.4.3/app/views/devise/registrations/new.html.erb within layouts/application (8.4ms)
Completed 200 OK in 40ms (Views: 38.6ms | ActiveRecord: 0.0ms)


Started POST "/users/sign_in" for 127.0.0.1 at 2018-04-23 17:37:30 +0700
Processing by Devise::SessionsController#create as HTML
  Parameters: {"utf8"=>"✓", "authenticity_token"=>"har0aMZ6Waimw6vv5tOZ5cLqIVlFCqQIdSfPu/AjensZYTJxsKJVbXjYW+NOAR+DEZnZG0uvctznRxUgagmcdw==", "user"=>{"email"=>"mju5804101398@gmaejo.mju.ac.th", "password"=>"[FILTERED]", "remember_me"=>"0"}, "commit"=>"Log in"}
  [1m[36mUser Load (0.4ms)[0m  [1m[34mSELECT  "users".* FROM "users" WHERE "users"."email" = ? ORDER BY "users"."id" ASC LIMIT ?[0m  [["email", "mju5804101398@gmaejo.mju.ac.th"], ["LIMIT", 1]]
  ↳ /home/saharak/.rbenv/versions/2.5.0/lib/ruby/gems/2.5.0/gems/activerecord-5.2.0/lib/active_record/log_subscriber.rb:98
  [1m[35m (0.1ms)[0m  [1m[36mbegin transaction[0m
  ↳ /home/saharak/.rbenv/versions/2.5.0/lib/ruby/gems/2.5.0/gems/activerecord-5.2.0/lib/active_record/log_subscriber.rb:98
  [1m[36mUser Update (0.8ms)[0m  [1m[33mUPDATE "users" SET "current_sign_in_at" = ?, "last_sign_in_at" = ?, "sign_in_count" = ?, "updated_at" = ? WHERE "users"."id" = ?[0m  [["current_sign_in_at", "2018-04-23 10:37:30.979634"], ["last_sign_in_at", "2018-04-23 10:32:22.962481"], ["sign_in_count", 5], ["updated_at", "2018-04-23 10:37:30.980580"], ["id", 1]]
  ↳ /home/saharak/.rbenv/versions/2.5.0/lib/ruby/gems/2.5.0/gems/activerecord-5.2.0/lib/active_record/log_subscriber.rb:98
  [1m[35m (68.7ms)[0m  [1m[36mcommit transaction[0m
  ↳ /home/saharak/.rbenv/versions/2.5.0/lib/ruby/gems/2.5.0/gems/activerecord-5.2.0/lib/active_record/log_subscriber.rb:98
Redirected to http://localhost:3000/
Completed 302 Found in 230ms (ActiveRecord: 70.0ms)


Started GET "/" for 127.0.0.1 at 2018-04-23 17:37:31 +0700
  [1m[36mUser Load (0.2ms)[0m  [1m[34mSELECT  "users".* FROM "users" WHERE "users"."id" = ? ORDER BY "users"."id" ASC LIMIT ?[0m  [["id", 1], ["LIMIT", 1]]
  ↳ /home/saharak/.rbenv/versions/2.5.0/lib/ruby/gems/2.5.0/gems/activerecord-5.2.0/lib/active_record/log_subscriber.rb:98
Processing by HomeController#index as HTML
  Rendering home/index.html.erb within layouts/application
  Rendered home/index.html.erb within layouts/application (0.6ms)
Completed 200 OK in 30ms (Views: 29.6ms | ActiveRecord: 0.0ms)


Started GET "/" for 127.0.0.1 at 2018-04-23 17:37:46 +0700
  [1m[36mUser Load (0.4ms)[0m  [1m[34mSELECT  "users".* FROM "users" WHERE "users"."id" = ? ORDER BY "users"."id" ASC LIMIT ?[0m  [["id", 1], ["LIMIT", 1]]
  ↳ /home/saharak/.rbenv/versions/2.5.0/lib/ruby/gems/2.5.0/gems/activerecord-5.2.0/lib/active_record/log_subscriber.rb:98
Processing by HomeController#index as HTML
  Rendering home/index.html.erb within layouts/application
  Rendered home/index.html.erb within layouts/application (3.8ms)
Completed 500 Internal Server Error in 8ms (ActiveRecord: 0.0ms)


  
ActionView::Template::Error (undefined method `fname' for nil:NilClass):
    1: <h1>Home</h1>
    2: 
    3: <strong>Fname:</strong>
    4:   <%= @admin.fname %>
    5: 
    6: 
    7: 
  
app/views/home/index.html.erb:4:in `_app_views_home_index_html_erb___3329539213085976452_69934551034840'
Started GET "/" for 127.0.0.1 at 2018-04-23 17:38:56 +0700
  [1m[36mUser Load (0.3ms)[0m  [1m[34mSELECT  "users".* FROM "users" WHERE "users"."id" = ? ORDER BY "users"."id" ASC LIMIT ?[0m  [["id", 1], ["LIMIT", 1]]
  ↳ /home/saharak/.rbenv/versions/2.5.0/lib/ruby/gems/2.5.0/gems/activerecord-5.2.0/lib/active_record/log_subscriber.rb:98
Processing by HomeController#index as HTML
  Rendering home/index.html.erb within layouts/application
  Rendered home/index.html.erb within layouts/application (277.0ms)
Completed 500 Internal Server Error in 283ms (ActiveRecord: 0.0ms)


  
ActionView::Template::Error (undefined local variable or method `user' for #<#<Class:0x00007f35d0101a78>:0x000055da43ea3940>):
    1: <h1>Home</h1>
    2: 
    3: <%=user.name %>
    4: 
    5: 
    6: 
  
app/views/home/index.html.erb:3:in `_app_views_home_index_html_erb___3329539213085976452_47197965482440'
Started GET "/" for 127.0.0.1 at 2018-04-23 17:39:20 +0700
  [1m[36mUser Load (0.3ms)[0m  [1m[34mSELECT  "users".* FROM "users" WHERE "users"."id" = ? ORDER BY "users"."id" ASC LIMIT ?[0m  [["id", 1], ["LIMIT", 1]]
  ↳ /home/saharak/.rbenv/versions/2.5.0/lib/ruby/gems/2.5.0/gems/activerecord-5.2.0/lib/active_record/log_subscriber.rb:98
Processing by HomeController#index as HTML
  Rendering home/index.html.erb within layouts/application
  Rendered home/index.html.erb within layouts/application (15.8ms)
Completed 500 Internal Server Error in 21ms (ActiveRecord: 0.0ms)


  
ActionView::Template::Error (uninitialized constant ActionView::CompiledTemplates::DataTime):
    1: <h1>Home</h1>
    2: 
    3: <%=DataTime.now%>
    4: 
    5: 
    6: 
  
app/views/home/index.html.erb:3:in `_app_views_home_index_html_erb___3329539213085976452_69934550092100'
Started GET "/" for 127.0.0.1 at 2018-04-23 17:42:15 +0700
  [1m[36mUser Load (0.3ms)[0m  [1m[34mSELECT  "users".* FROM "users" WHERE "users"."id" = ? ORDER BY "users"."id" ASC LIMIT ?[0m  [["id", 1], ["LIMIT", 1]]
  ↳ /home/saharak/.rbenv/versions/2.5.0/lib/ruby/gems/2.5.0/gems/activerecord-5.2.0/lib/active_record/log_subscriber.rb:98
Processing by HomeController#index as HTML
  Rendering home/index.html.erb within layouts/application
  Rendered home/index.html.erb within layouts/application (1.2ms)
Completed 200 OK in 44ms (Views: 43.0ms | ActiveRecord: 0.0ms)


Started GET "/" for 127.0.0.1 at 2018-04-23 17:48:03 +0700
  [1m[36mUser Load (0.2ms)[0m  [1m[34mSELECT  "users".* FROM "users" WHERE "users"."id" = ? ORDER BY "users"."id" ASC LIMIT ?[0m  [["id", 1], ["LIMIT", 1]]
  ↳ /home/saharak/.rbenv/versions/2.5.0/lib/ruby/gems/2.5.0/gems/activerecord-5.2.0/lib/active_record/log_subscriber.rb:98
Processing by HomeController#index as HTML
  Rendering home/index.html.erb within layouts/application
  Rendered home/index.html.erb within layouts/application (0.8ms)
Completed 200 OK in 32ms (Views: 30.8ms | ActiveRecord: 0.0ms)


